#
# There is insufficient memory for the Java Runtime Environment to continue.
# Native memory allocation (malloc) failed to allocate 272096 bytes for Chunk::new
# Possible reasons:
#   The system is out of physical RAM or swap space
#   The process is running with CompressedOops enabled, and the Java Heap may be blocking the growth of the native heap
# Possible solutions:
#   Reduce memory load on the system
#   Increase physical memory or swap space
#   Check if swap backing store is full
#   Decrease Java heap size (-Xmx/-Xms)
#   Decrease number of Java threads
#   Decrease Java thread stack sizes (-Xss)
#   Set larger code cache with -XX:ReservedCodeCacheSize=
#   JVM is running with Zero Based Compressed Oops mode in which the Java heap is
#     placed in the first 32GB address space. The Java Heap base address is the
#     maximum limit for the native heap growth. Please use -XX:HeapBaseMinAddress
#     to set the Java Heap base and to place the Java Heap above 32GB virtual address.
# This output file may be truncated or incomplete.
#
#  Out of Memory Error (arena.cpp:189), pid=13132, tid=12972
#
# JRE version: Java(TM) SE Runtime Environment (17.0.12+8) (build 17.0.12+8-LTS-286)
# Java VM: Java HotSpot(TM) 64-Bit Server VM (17.0.12+8-LTS-286, mixed mode, sharing, tiered, compressed oops, compressed class ptrs, g1 gc, windows-amd64)
# No core dump will be written. Minidumps are not enabled by default on client versions of Windows
#

---------------  S U M M A R Y ------------

Command Line: -XX:MaxMetaspaceSize=2G -XX:+HeapDumpOnOutOfMemoryError --add-opens=java.base/java.util=ALL-UNNAMED --add-opens=java.base/java.lang=ALL-UNNAMED --add-opens=java.base/java.lang.invoke=ALL-UNNAMED --add-opens=java.prefs/java.util.prefs=ALL-UNNAMED --add-opens=java.base/java.nio.charset=ALL-UNNAMED --add-opens=java.base/java.net=ALL-UNNAMED --add-opens=java.base/java.util.concurrent.atomic=ALL-UNNAMED -Xmx4G -Dfile.encoding=utf8 -Duser.country=US -Duser.language=en -Duser.variant -javaagent:C:\Users\Hp\.gradle\wrapper\dists\gradle-8.3-all\6en3ugtfdg5xnpx44z4qbwgas\gradle-8.3\lib\agents\gradle-instrumentation-agent-8.3.jar org.gradle.launcher.daemon.bootstrap.GradleDaemon 8.3

Host: Intel(R) Core(TM) i5-6300U CPU @ 2.40GHz, 4 cores, 7G,  Windows 11 , 64 bit Build 26100 (10.0.26100.3037)
Time: Sat Feb 15 23:28:40 2025 E. Africa Standard Time elapsed time: 49.855257 seconds (0d 0h 0m 49s)

---------------  T H R E A D  ---------------

Current thread (0x0000014b7ed821b0):  JavaThread "C2 CompilerThread0" daemon [_thread_in_native, id=12972, stack(0x0000001b2b800000,0x0000001b2b900000)]


Current CompileTask:
C2:  49855 5171       4       java.lang.Class::getAnnotation (22 bytes)

Stack: [0x0000001b2b800000,0x0000001b2b900000]
Native frames: (J=compiled Java code, j=interpreted, Vv=VM code, C=native code)
V  [jvm.dll+0x67a04a]
V  [jvm.dll+0x7da4ed]
V  [jvm.dll+0x7dbe33]
V  [jvm.dll+0x7dc4a3]
V  [jvm.dll+0x24508f]
V  [jvm.dll+0xab773]
V  [jvm.dll+0xabd3c]
V  [jvm.dll+0x2aa52f]
V  [jvm.dll+0x581eb9]
V  [jvm.dll+0x21f422]
V  [jvm.dll+0x21811b]
V  [jvm.dll+0x215b65]
V  [jvm.dll+0x1a2960]
V  [jvm.dll+0x22610b]
V  [jvm.dll+0x2242ab]
V  [jvm.dll+0x79075c]
V  [jvm.dll+0x78abea]
V  [jvm.dll+0x678f35]
C  [ucrtbase.dll+0x37b0]
C  [KERNEL32.DLL+0x2e8d7]
C  [ntdll.dll+0xbbf2c]


---------------  P R O C E S S  ---------------

Threads class SMR info:
_java_thread_list=0x0000014b7f9c98d0, length=40, elements={
0x0000014b5c0355d0, 0x0000014b7ed641f0, 0x0000014b7ed65cd0, 0x0000014b7ed7bb20,
0x0000014b7ed7e400, 0x0000014b7ed80ce0, 0x0000014b7ed815b0, 0x0000014b7ed821b0,
0x0000014b7ed82b70, 0x0000014b7ed83c20, 0x0000014b7ef92260, 0x0000014b7f0848e0,
0x0000014b45b4da20, 0x0000014b45858060, 0x0000014b4534fb70, 0x0000014b458b2040,
0x0000014b458b2520, 0x0000014b7f1da6c0, 0x0000014b7f1dabd0, 0x0000014b7f1db5f0,
0x0000014b7f1db0e0, 0x0000014b7f1dc010, 0x0000014b7f1d9280, 0x0000014b7f1d9ca0,
0x0000014b7f1dbb00, 0x0000014b7f1dc520, 0x0000014b7f1d8d70, 0x0000014b7f1da1b0,
0x0000014b45cf91c0, 0x0000014b45cf7360, 0x0000014b45cfb020, 0x0000014b45cf9be0,
0x0000014b45cf8290, 0x0000014b45cfa0f0, 0x0000014b45cf96d0, 0x0000014b45cf87a0,
0x0000014b45cf7870, 0x0000014b45cf8cb0, 0x0000014b45cfb530, 0x0000014b45cf7d80
}

Java Threads: ( => current thread )
  0x0000014b5c0355d0 JavaThread "main" [_thread_blocked, id=22304, stack(0x0000001b2ab00000,0x0000001b2ac00000)]
  0x0000014b7ed641f0 JavaThread "Reference Handler" daemon [_thread_blocked, id=21696, stack(0x0000001b2b200000,0x0000001b2b300000)]
  0x0000014b7ed65cd0 JavaThread "Finalizer" daemon [_thread_blocked, id=21132, stack(0x0000001b2b300000,0x0000001b2b400000)]
  0x0000014b7ed7bb20 JavaThread "Signal Dispatcher" daemon [_thread_blocked, id=15084, stack(0x0000001b2b400000,0x0000001b2b500000)]
  0x0000014b7ed7e400 JavaThread "Attach Listener" daemon [_thread_blocked, id=11460, stack(0x0000001b2b500000,0x0000001b2b600000)]
  0x0000014b7ed80ce0 JavaThread "Service Thread" daemon [_thread_blocked, id=18260, stack(0x0000001b2b600000,0x0000001b2b700000)]
  0x0000014b7ed815b0 JavaThread "Monitor Deflation Thread" daemon [_thread_blocked, id=12784, stack(0x0000001b2b700000,0x0000001b2b800000)]
=>0x0000014b7ed821b0 JavaThread "C2 CompilerThread0" daemon [_thread_in_native, id=12972, stack(0x0000001b2b800000,0x0000001b2b900000)]
  0x0000014b7ed82b70 JavaThread "C1 CompilerThread0" daemon [_thread_blocked, id=3352, stack(0x0000001b2b900000,0x0000001b2ba00000)]
  0x0000014b7ed83c20 JavaThread "Sweeper thread" daemon [_thread_blocked, id=5816, stack(0x0000001b2ba00000,0x0000001b2bb00000)]
  0x0000014b7ef92260 JavaThread "Common-Cleaner" daemon [_thread_blocked, id=16904, stack(0x0000001b2bb00000,0x0000001b2bc00000)]
  0x0000014b7f0848e0 JavaThread "Notification Thread" daemon [_thread_blocked, id=3572, stack(0x0000001b2bc00000,0x0000001b2bd00000)]
  0x0000014b45b4da20 JavaThread "Daemon health stats" [_thread_blocked, id=2552, stack(0x0000001b2c200000,0x0000001b2c300000)]
  0x0000014b45858060 JavaThread "Incoming local TCP Connector on port 10603" [_thread_in_native, id=1096, stack(0x0000001b2be00000,0x0000001b2bf00000)]
  0x0000014b4534fb70 JavaThread "Daemon periodic checks" [_thread_blocked, id=20032, stack(0x0000001b2c300000,0x0000001b2c400000)]
  0x0000014b458b2040 JavaThread "Daemon" [_thread_blocked, id=5072, stack(0x0000001b2c400000,0x0000001b2c500000)]
  0x0000014b458b2520 JavaThread "Handler for socket connection from /127.0.0.1:10603 to /127.0.0.1:10605" [_thread_in_native, id=3108, stack(0x0000001b2c500000,0x0000001b2c600000)]
  0x0000014b7f1da6c0 JavaThread "Cancel handler" [_thread_blocked, id=11536, stack(0x0000001b2c600000,0x0000001b2c700000)]
  0x0000014b7f1dabd0 JavaThread "Daemon worker" [_thread_in_vm, id=19252, stack(0x0000001b2c700000,0x0000001b2c800000)]
  0x0000014b7f1db5f0 JavaThread "Asynchronous log dispatcher for DefaultDaemonConnection: socket connection from /127.0.0.1:10603 to /127.0.0.1:10605" [_thread_blocked, id=21596, stack(0x0000001b2c800000,0x0000001b2c900000)]
  0x0000014b7f1db0e0 JavaThread "Stdin handler" [_thread_blocked, id=11656, stack(0x0000001b2c900000,0x0000001b2ca00000)]
  0x0000014b7f1dc010 JavaThread "Daemon client event forwarder" [_thread_blocked, id=18644, stack(0x0000001b2ca00000,0x0000001b2cb00000)]
  0x0000014b7f1d9280 JavaThread "Cache worker for journal cache (C:\Users\Hp\.gradle\caches\journal-1)" [_thread_blocked, id=13184, stack(0x0000001b2cb00000,0x0000001b2cc00000)]
  0x0000014b7f1d9ca0 JavaThread "File lock request listener" [_thread_in_native, id=20952, stack(0x0000001b2cc00000,0x0000001b2cd00000)]
  0x0000014b7f1dbb00 JavaThread "Cache worker for file hash cache (C:\Users\Hp\.gradle\caches\8.3\fileHashes)" [_thread_blocked, id=13820, stack(0x0000001b2cd00000,0x0000001b2ce00000)]
  0x0000014b7f1dc520 JavaThread "File watcher server" daemon [_thread_in_native, id=13768, stack(0x0000001b2ce00000,0x0000001b2cf00000)]
  0x0000014b7f1d8d70 JavaThread "File watcher consumer" daemon [_thread_blocked, id=14516, stack(0x0000001b2cf00000,0x0000001b2d000000)]
  0x0000014b7f1da1b0 JavaThread "jar transforms" [_thread_blocked, id=19148, stack(0x0000001b2d000000,0x0000001b2d100000)]
  0x0000014b45cf91c0 JavaThread "jar transforms Thread 2" [_thread_blocked, id=10572, stack(0x0000001b2d100000,0x0000001b2d200000)]
  0x0000014b45cf7360 JavaThread "jar transforms Thread 3" [_thread_blocked, id=19808, stack(0x0000001b2d200000,0x0000001b2d300000)]
  0x0000014b45cfb020 JavaThread "Cache worker for checksums cache (E:\fundismart\android\.gradle\8.3\checksums)" [_thread_blocked, id=8872, stack(0x0000001b2d300000,0x0000001b2d400000)]
  0x0000014b45cf9be0 JavaThread "Cache worker for file hash cache (E:\fundismart\android\.gradle\8.3\fileHashes)" [_thread_blocked, id=22520, stack(0x0000001b2d400000,0x0000001b2d500000)]
  0x0000014b45cf8290 JavaThread "Cache worker for cache directory md-supplier (C:\Users\Hp\.gradle\caches\8.3\md-supplier)" [_thread_blocked, id=18560, stack(0x0000001b2d500000,0x0000001b2d600000)]
  0x0000014b45cfa0f0 JavaThread "Cache worker for file content cache (C:\Users\Hp\.gradle\caches\8.3\fileContent)" [_thread_blocked, id=8592, stack(0x0000001b2d600000,0x0000001b2d700000)]
  0x0000014b45cf96d0 JavaThread "Cache worker for cache directory md-rule (C:\Users\Hp\.gradle\caches\8.3\md-rule)" [_thread_blocked, id=5508, stack(0x0000001b2d700000,0x0000001b2d800000)]
  0x0000014b45cf87a0 JavaThread "Cache worker for execution history cache (C:\Users\Hp\.gradle\caches\8.3\executionHistory)" [_thread_blocked, id=7760, stack(0x0000001b2d800000,0x0000001b2d900000)]
  0x0000014b45cf7870 JavaThread "jar transforms Thread 4" [_thread_blocked, id=9348, stack(0x0000001b2da00000,0x0000001b2db00000)]
  0x0000014b45cf8cb0 JavaThread "Cache worker for kotlin-dsl (C:\Users\Hp\.gradle\caches\8.3\kotlin-dsl)" [_thread_blocked, id=1352, stack(0x0000001b2d900000,0x0000001b2da00000)]
  0x0000014b45cfb530 JavaThread "Cache worker for dependencies-accessors (E:\fundismart\android\.gradle\8.3\dependencies-accessors)" [_thread_blocked, id=21912, stack(0x0000001b2dd00000,0x0000001b2de00000)]
  0x0000014b45cf7d80 JavaThread "Cache worker for Build Output Cleanup Cache (C:\src\flutter\packages\flutter_tools\gradle\.gradle\buildOutputCleanup)" [_thread_blocked, id=16728, stack(0x0000001b2e000000,0x0000001b2e100000)]

Other Threads:
  0x0000014b7ed62410 VMThread "VM Thread" [stack: 0x0000001b2b100000,0x0000001b2b200000] [id=18704]
  0x0000014b7f046fe0 WatcherThread [stack: 0x0000001b2bd00000,0x0000001b2be00000] [id=20864]
  0x0000014b5c0a1bb0 GCTaskThread "GC Thread#0" [stack: 0x0000001b2ac00000,0x0000001b2ad00000] [id=18352]
  0x0000014b7f1c5240 GCTaskThread "GC Thread#1" [stack: 0x0000001b2bf00000,0x0000001b2c000000] [id=4420]
  0x0000014b7f1e7cf0 GCTaskThread "GC Thread#2" [stack: 0x0000001b2c000000,0x0000001b2c100000] [id=6972]
  0x0000014b4500fde0 GCTaskThread "GC Thread#3" [stack: 0x0000001b2c100000,0x0000001b2c200000] [id=22476]
  0x0000014b5c0b2a10 ConcurrentGCThread "G1 Main Marker" [stack: 0x0000001b2ad00000,0x0000001b2ae00000] [id=13452]
  0x0000014b5c0b6020 ConcurrentGCThread "G1 Conc#0" [stack: 0x0000001b2ae00000,0x0000001b2af00000] [id=19280]
  0x0000014b5c0ed0a0 ConcurrentGCThread "G1 Refine#0" [stack: 0x0000001b2af00000,0x0000001b2b000000] [id=13324]
  0x0000014b7f144ce0 ConcurrentGCThread "G1 Refine#1" [stack: 0x0000001b2db00000,0x0000001b2dc00000] [id=19636]
  0x0000014b7f143b40 ConcurrentGCThread "G1 Refine#2" [stack: 0x0000001b2dc00000,0x0000001b2dd00000] [id=20152]
  0x0000014b5c0eda40 ConcurrentGCThread "G1 Service" [stack: 0x0000001b2b000000,0x0000001b2b100000] [id=18992]

Threads with active compile tasks:
C2 CompilerThread0    49935 5171       4       java.lang.Class::getAnnotation (22 bytes)

VM state: not at safepoint (normal execution)

VM Mutex/Monitor currently owned by a thread: None

Heap address: 0x0000000700000000, size: 4096 MB, Compressed Oops mode: Zero based, Oop shift amount: 3

CDS archive(s) mapped at: [0x0000014b00000000-0x0000014b00bd0000-0x0000014b00bd0000), size 12386304, SharedBaseAddress: 0x0000014b00000000, ArchiveRelocationMode: 1.
Compressed class space mapped at: 0x0000014b01000000-0x0000014b41000000, reserved size: 1073741824
Narrow klass base: 0x0000014b00000000, Narrow klass shift: 0, Narrow klass range: 0x100000000

GC Precious Log:
 CPUs: 4 total, 4 available
 Memory: 8024M
 Large Page Support: Disabled
 NUMA Support: Disabled
 Compressed Oops: Enabled (Zero based)
 Heap Region Size: 2M
 Heap Min Capacity: 8M
 Heap Initial Capacity: 126M
 Heap Max Capacity: 4G
 Pre-touch: Disabled
 Parallel Workers: 4
 Concurrent Workers: 1
 Concurrent Refinement Workers: 4
 Periodic GC: Disabled

Heap:
 garbage-first heap   total 96256K, used 67215K [0x0000000700000000, 0x0000000800000000)
  region size 2048K, 18 young (36864K), 2 survivors (4096K)
 Metaspace       used 43606K, committed 44160K, reserved 1114112K
  class space    used 6096K, committed 6336K, reserved 1048576K

Heap Regions: E=young(eden), S=young(survivor), O=old, HS=humongous(starts), HC=humongous(continues), CS=collection set, F=free, OA=open archive, CA=closed archive, TAMS=top-at-mark-start (previous, next)
|   0|0x0000000700000000, 0x0000000700200000, 0x0000000700200000|100%| O|  |TAMS 0x0000000700200000, 0x0000000700000000| Untracked 
|   1|0x0000000700200000, 0x0000000700400000, 0x0000000700400000|100%|HS|  |TAMS 0x0000000700400000, 0x0000000700200000| Complete 
|   2|0x0000000700400000, 0x0000000700600000, 0x0000000700600000|100%|HC|  |TAMS 0x0000000700600000, 0x0000000700400000| Complete 
|   3|0x0000000700600000, 0x0000000700800000, 0x0000000700800000|100%| O|  |TAMS 0x0000000700800000, 0x0000000700600000| Untracked 
|   4|0x0000000700800000, 0x0000000700a00000, 0x0000000700a00000|100%| O|  |TAMS 0x0000000700a00000, 0x0000000700800000| Untracked 
|   5|0x0000000700a00000, 0x0000000700c00000, 0x0000000700c00000|100%| O|  |TAMS 0x0000000700c00000, 0x0000000700a00000| Untracked 
|   6|0x0000000700c00000, 0x0000000700e00000, 0x0000000700e00000|100%| O|  |TAMS 0x0000000700e00000, 0x0000000700c00000| Untracked 
|   7|0x0000000700e00000, 0x0000000701000000, 0x0000000701000000|100%| O|  |TAMS 0x0000000701000000, 0x0000000700e00000| Untracked 
|   8|0x0000000701000000, 0x0000000701200000, 0x0000000701200000|100%| O|  |TAMS 0x0000000701200000, 0x0000000701000000| Untracked 
|   9|0x0000000701200000, 0x0000000701400000, 0x0000000701400000|100%| O|  |TAMS 0x0000000701200000, 0x0000000701200000| Untracked 
|  10|0x0000000701400000, 0x0000000701600000, 0x0000000701600000|100%| O|  |TAMS 0x0000000701600000, 0x0000000701400000| Untracked 
|  11|0x0000000701600000, 0x0000000701800000, 0x0000000701800000|100%| O|  |TAMS 0x0000000701800000, 0x0000000701600000| Untracked 
|  12|0x0000000701800000, 0x0000000701800000, 0x0000000701a00000|  0%| F|  |TAMS 0x0000000701800000, 0x0000000701800000| Untracked 
|  13|0x0000000701a00000, 0x0000000701c00000, 0x0000000701c00000|100%| O|  |TAMS 0x0000000701bb0a00, 0x0000000701a00000| Untracked 
|  14|0x0000000701c00000, 0x0000000701e00000, 0x0000000701e00000|100%| O|  |TAMS 0x0000000701c00000, 0x0000000701c00000| Untracked 
|  15|0x0000000701e00000, 0x0000000702000000, 0x0000000702000000|100%| O|  |TAMS 0x0000000701e00000, 0x0000000701e00000| Untracked 
|  16|0x0000000702000000, 0x0000000702200000, 0x0000000702200000|100%| O|  |TAMS 0x0000000702000000, 0x0000000702000000| Untracked 
|  17|0x0000000702200000, 0x0000000702372000, 0x0000000702400000| 72%| O|  |TAMS 0x0000000702200000, 0x0000000702200000| Untracked 
|  18|0x0000000702400000, 0x0000000702400000, 0x0000000702600000|  0%| F|  |TAMS 0x0000000702400000, 0x0000000702400000| Untracked 
|  19|0x0000000702600000, 0x0000000702600000, 0x0000000702800000|  0%| F|  |TAMS 0x0000000702600000, 0x0000000702600000| Untracked 
|  20|0x0000000702800000, 0x0000000702800000, 0x0000000702a00000|  0%| F|  |TAMS 0x0000000702800000, 0x0000000702800000| Untracked 
|  21|0x0000000702a00000, 0x0000000702a00000, 0x0000000702c00000|  0%| F|  |TAMS 0x0000000702a00000, 0x0000000702a00000| Untracked 
|  22|0x0000000702c00000, 0x0000000702c00000, 0x0000000702e00000|  0%| F|  |TAMS 0x0000000702c00000, 0x0000000702c00000| Untracked 
|  23|0x0000000702e00000, 0x0000000702e00000, 0x0000000703000000|  0%| F|  |TAMS 0x0000000702e00000, 0x0000000702e00000| Untracked 
|  24|0x0000000703000000, 0x0000000703000000, 0x0000000703200000|  0%| F|  |TAMS 0x0000000703000000, 0x0000000703000000| Untracked 
|  25|0x0000000703200000, 0x0000000703200000, 0x0000000703400000|  0%| F|  |TAMS 0x0000000703200000, 0x0000000703200000| Untracked 
|  26|0x0000000703400000, 0x0000000703431f20, 0x0000000703600000|  9%| S|CS|TAMS 0x0000000703400000, 0x0000000703400000| Complete 
|  27|0x0000000703600000, 0x0000000703800000, 0x0000000703800000|100%| S|CS|TAMS 0x0000000703600000, 0x0000000703600000| Complete 
|  28|0x0000000703800000, 0x0000000703800000, 0x0000000703a00000|  0%| F|  |TAMS 0x0000000703800000, 0x0000000703800000| Untracked 
|  29|0x0000000703a00000, 0x0000000703a00000, 0x0000000703c00000|  0%| F|  |TAMS 0x0000000703a00000, 0x0000000703a00000| Untracked 
|  30|0x0000000703c00000, 0x0000000703c00000, 0x0000000703e00000|  0%| F|  |TAMS 0x0000000703c00000, 0x0000000703c00000| Untracked 
|  31|0x0000000703e00000, 0x0000000703eac0a0, 0x0000000704000000| 33%| E|  |TAMS 0x0000000703e00000, 0x0000000703e00000| Complete 
|  32|0x0000000704000000, 0x0000000704200000, 0x0000000704200000|100%| E|CS|TAMS 0x0000000704000000, 0x0000000704000000| Complete 
|  33|0x0000000704200000, 0x0000000704400000, 0x0000000704400000|100%| E|CS|TAMS 0x0000000704200000, 0x0000000704200000| Complete 
|  34|0x0000000704400000, 0x0000000704600000, 0x0000000704600000|100%| E|CS|TAMS 0x0000000704400000, 0x0000000704400000| Complete 
|  35|0x0000000704600000, 0x0000000704800000, 0x0000000704800000|100%| E|CS|TAMS 0x0000000704600000, 0x0000000704600000| Complete 
|  36|0x0000000704800000, 0x0000000704a00000, 0x0000000704a00000|100%| E|CS|TAMS 0x0000000704800000, 0x0000000704800000| Complete 
|  37|0x0000000704a00000, 0x0000000704c00000, 0x0000000704c00000|100%| E|CS|TAMS 0x0000000704a00000, 0x0000000704a00000| Complete 
|  38|0x0000000704c00000, 0x0000000704e00000, 0x0000000704e00000|100%| E|CS|TAMS 0x0000000704c00000, 0x0000000704c00000| Complete 
|  39|0x0000000704e00000, 0x0000000705000000, 0x0000000705000000|100%| E|CS|TAMS 0x0000000704e00000, 0x0000000704e00000| Complete 
|  40|0x0000000705000000, 0x0000000705200000, 0x0000000705200000|100%| E|CS|TAMS 0x0000000705000000, 0x0000000705000000| Complete 
|  41|0x0000000705200000, 0x0000000705400000, 0x0000000705400000|100%| E|CS|TAMS 0x0000000705200000, 0x0000000705200000| Complete 
|  42|0x0000000705400000, 0x0000000705600000, 0x0000000705600000|100%| E|CS|TAMS 0x0000000705400000, 0x0000000705400000| Complete 
|  43|0x0000000705600000, 0x0000000705800000, 0x0000000705800000|100%| E|CS|TAMS 0x0000000705600000, 0x0000000705600000| Complete 
|  44|0x0000000705800000, 0x0000000705a00000, 0x0000000705a00000|100%| E|CS|TAMS 0x0000000705800000, 0x0000000705800000| Complete 
|  45|0x0000000705a00000, 0x0000000705c00000, 0x0000000705c00000|100%| E|CS|TAMS 0x0000000705a00000, 0x0000000705a00000| Complete 
|  62|0x0000000707c00000, 0x0000000707e00000, 0x0000000707e00000|100%| E|CS|TAMS 0x0000000707c00000, 0x0000000707c00000| Complete 

Card table byte_map: [0x0000014b73740000,0x0000014b73f40000] _byte_map_base: 0x0000014b6ff40000

Marking Bits (Prev, Next): (CMBitMap*) 0x0000014b5c0a20e0, (CMBitMap*) 0x0000014b5c0a2120
 Prev Bits: [0x0000014b74740000, 0x0000014b78740000)
 Next Bits: [0x0000014b78740000, 0x0000014b7c740000)

Polling page: 0x0000014b5a7f0000

Metaspace:

Usage:
  Non-class:     36.63 MB used.
      Class:      5.95 MB used.
       Both:     42.59 MB used.

Virtual space:
  Non-class space:       64.00 MB reserved,      36.94 MB ( 58%) committed,  1 nodes.
      Class space:        1.00 GB reserved,       6.19 MB ( <1%) committed,  1 nodes.
             Both:        1.06 GB reserved,      43.12 MB (  4%) committed. 

Chunk freelists:
   Non-Class:  10.16 MB
       Class:  9.70 MB
        Both:  19.86 MB

MaxMetaspaceSize: 2.00 GB
CompressedClassSpaceSize: 1.00 GB
Initial GC threshold: 21.00 MB
Current GC threshold: 58.69 MB
CDS: on
MetaspaceReclaimPolicy: balanced
 - commit_granule_bytes: 65536.
 - commit_granule_words: 8192.
 - virtual_space_node_default_size: 8388608.
 - enlarge_chunks_in_place: 1.
 - new_chunks_are_fully_committed: 0.
 - uncommit_free_chunks: 1.
 - use_allocation_guard: 0.
 - handle_deallocations: 1.


Internal statistics:

num_allocs_failed_limit: 6.
num_arena_births: 634.
num_arena_deaths: 0.
num_vsnodes_births: 2.
num_vsnodes_deaths: 0.
num_space_committed: 690.
num_space_uncommitted: 0.
num_chunks_returned_to_freelist: 6.
num_chunks_taken_from_freelist: 2313.
num_chunk_merges: 3.
num_chunk_splits: 1514.
num_chunks_enlarged: 1007.
num_inconsistent_stats: 0.

CodeHeap 'non-profiled nmethods': size=120000Kb used=2683Kb max_used=2938Kb free=117316Kb
 bounds [0x0000014b6b3f0000, 0x0000014b6b6f0000, 0x0000014b72920000]
CodeHeap 'profiled nmethods': size=120000Kb used=9076Kb max_used=9662Kb free=110923Kb
 bounds [0x0000014b63920000, 0x0000014b642b0000, 0x0000014b6ae50000]
CodeHeap 'non-nmethods': size=5760Kb used=2307Kb max_used=2394Kb free=3452Kb
 bounds [0x0000014b6ae50000, 0x0000014b6b0c0000, 0x0000014b6b3f0000]
 total_blobs=5241 nmethods=4424 adapters=729
 compilation: enabled
              stopped_count=0, restarted_count=0
 full_count=0

Compilation events (20 events):
Event: 49.348 Thread 0x0000014b7ed82b70 nmethod 5162 0x0000014b639ba010 code [0x0000014b639ba4c0, 0x0000014b639bc838]
Event: 49.380 Thread 0x0000014b7ed821b0 5163       4       jdk.internal.loader.Resource::getByteBuffer (24 bytes)
Event: 49.385 Thread 0x0000014b7ed821b0 nmethod 5163 0x0000014b6b493790 code [0x0000014b6b493920, 0x0000014b6b493da8]
Event: 49.488 Thread 0x0000014b7ed821b0 5164       4       java.util.jar.JarFile::getManifest (5 bytes)
Event: 49.489 Thread 0x0000014b7ed821b0 nmethod 5164 0x0000014b6b493490 code [0x0000014b6b493620, 0x0000014b6b4936c8]
Event: 49.494 Thread 0x0000014b7ed82b70 5165       3       java.io.File::<init> (111 bytes)
Event: 49.495 Thread 0x0000014b7ed82b70 nmethod 5165 0x0000014b63cc0790 code [0x0000014b63cc0a20, 0x0000014b63cc1468]
Event: 49.577 Thread 0x0000014b7ed82b70 5166       3       org.gradle.internal.reflect.JavaPropertyReflectionUtil::hasTypeVariable (267 bytes)
Event: 49.580 Thread 0x0000014b7ed82b70 nmethod 5166 0x0000014b63b44490 code [0x0000014b63b448a0, 0x0000014b63b46de8]
Event: 49.654 Thread 0x0000014b7ed821b0 5167       4       java.lang.instrument.ClassFileTransformer::transform (15 bytes)
Event: 49.657 Thread 0x0000014b7ed821b0 nmethod 5167 0x0000014b6b492f90 code [0x0000014b6b493120, 0x0000014b6b4932b8]
Event: 49.660 Thread 0x0000014b7ed821b0 5168   !   4       sun.instrument.TransformerManager::transform (100 bytes)
Event: 49.675 Thread 0x0000014b7ed821b0 nmethod 5168 0x0000014b6b492490 code [0x0000014b6b492640, 0x0000014b6b492a18]
Event: 49.682 Thread 0x0000014b7ed82b70 5169       3       java.lang.invoke.SimpleMethodHandle::make (10 bytes)
Event: 49.682 Thread 0x0000014b7ed82b70 nmethod 5169 0x0000014b639cd910 code [0x0000014b639cdac0, 0x0000014b639cdcc8]
Event: 49.682 Thread 0x0000014b7ed82b70 5170       3       java.lang.invoke.SimpleMethodHandle::<init> (7 bytes)
Event: 49.683 Thread 0x0000014b7ed82b70 nmethod 5170 0x0000014b639cd310 code [0x0000014b639cd4c0, 0x0000014b639cd688]
Event: 49.828 Thread 0x0000014b7ed821b0 5171       4       java.lang.Class::getAnnotation (22 bytes)
Event: 49.850 Thread 0x0000014b7ed82b70 5173       1       org.gradle.internal.instantiation.generator.AbstractClassGenerator$PropertyMetadata::access$1300 (5 bytes)
Event: 49.850 Thread 0x0000014b7ed82b70 nmethod 5173 0x0000014b6b58a190 code [0x0000014b6b58a320, 0x0000014b6b58a3d8]

GC Heap History (20 events):
Event: 3.595 GC heap before
{Heap before GC invocations=2 (full 0):
 garbage-first heap   total 129024K, used 29005K [0x0000000700000000, 0x0000000800000000)
  region size 2048K, 11 young (22528K), 1 survivors (2048K)
 Metaspace       used 3984K, committed 4160K, reserved 1114112K
  class space    used 491K, committed 576K, reserved 1048576K
}
Event: 3.600 GC heap after
{Heap after GC invocations=3 (full 0):
 garbage-first heap   total 129024K, used 10978K [0x0000000700000000, 0x0000000800000000)
  region size 2048K, 2 young (4096K), 2 survivors (4096K)
 Metaspace       used 3984K, committed 4160K, reserved 1114112K
  class space    used 491K, committed 576K, reserved 1048576K
}
Event: 10.924 GC heap before
{Heap before GC invocations=3 (full 0):
 garbage-first heap   total 129024K, used 82658K [0x0000000700000000, 0x0000000800000000)
  region size 2048K, 37 young (75776K), 2 survivors (4096K)
 Metaspace       used 14915K, committed 15168K, reserved 1114112K
  class space    used 2089K, committed 2240K, reserved 1048576K
}
Event: 10.945 GC heap after
{Heap after GC invocations=4 (full 0):
 garbage-first heap   total 129024K, used 19431K [0x0000000700000000, 0x0000000800000000)
  region size 2048K, 5 young (10240K), 5 survivors (10240K)
 Metaspace       used 14915K, committed 15168K, reserved 1114112K
  class space    used 2089K, committed 2240K, reserved 1048576K
}
Event: 17.955 GC heap before
{Heap before GC invocations=4 (full 0):
 garbage-first heap   total 129024K, used 68583K [0x0000000700000000, 0x0000000800000000)
  region size 2048K, 30 young (61440K), 5 survivors (10240K)
 Metaspace       used 21195K, committed 21504K, reserved 1114112K
  class space    used 3106K, committed 3264K, reserved 1048576K
}
Event: 17.984 GC heap after
{Heap after GC invocations=5 (full 0):
 garbage-first heap   total 129024K, used 25235K [0x0000000700000000, 0x0000000800000000)
  region size 2048K, 3 young (6144K), 3 survivors (6144K)
 Metaspace       used 21195K, committed 21504K, reserved 1114112K
  class space    used 3106K, committed 3264K, reserved 1048576K
}
Event: 21.770 GC heap before
{Heap before GC invocations=6 (full 0):
 garbage-first heap   total 96256K, used 76435K [0x0000000700000000, 0x0000000800000000)
  region size 2048K, 28 young (57344K), 3 survivors (6144K)
 Metaspace       used 27691K, committed 28096K, reserved 1114112K
  class space    used 4079K, committed 4288K, reserved 1048576K
}
Event: 21.783 GC heap after
{Heap after GC invocations=7 (full 0):
 garbage-first heap   total 96256K, used 26685K [0x0000000700000000, 0x0000000800000000)
  region size 2048K, 2 young (4096K), 2 survivors (4096K)
 Metaspace       used 27691K, committed 28096K, reserved 1114112K
  class space    used 4079K, committed 4288K, reserved 1048576K
}
Event: 21.883 GC heap before
{Heap before GC invocations=7 (full 0):
 garbage-first heap   total 96256K, used 26685K [0x0000000700000000, 0x0000000800000000)
  region size 2048K, 3 young (6144K), 2 survivors (4096K)
 Metaspace       used 27949K, committed 28352K, reserved 1114112K
  class space    used 4124K, committed 4352K, reserved 1048576K
}
Event: 21.891 GC heap after
{Heap after GC invocations=8 (full 0):
 garbage-first heap   total 96256K, used 26899K [0x0000000700000000, 0x0000000800000000)
  region size 2048K, 1 young (2048K), 1 survivors (2048K)
 Metaspace       used 27949K, committed 28352K, reserved 1114112K
  class space    used 4124K, committed 4352K, reserved 1048576K
}
Event: 24.870 GC heap before
{Heap before GC invocations=8 (full 0):
 garbage-first heap   total 96256K, used 67859K [0x0000000700000000, 0x0000000800000000)
  region size 2048K, 22 young (45056K), 1 survivors (2048K)
 Metaspace       used 33461K, committed 33920K, reserved 1114112K
  class space    used 4694K, committed 4928K, reserved 1048576K
}
Event: 24.882 GC heap after
{Heap after GC invocations=9 (full 0):
 garbage-first heap   total 96256K, used 30916K [0x0000000700000000, 0x0000000800000000)
  region size 2048K, 3 young (6144K), 3 survivors (6144K)
 Metaspace       used 33461K, committed 33920K, reserved 1114112K
  class space    used 4694K, committed 4928K, reserved 1048576K
}
Event: 26.899 GC heap before
{Heap before GC invocations=9 (full 0):
 garbage-first heap   total 96256K, used 53444K [0x0000000700000000, 0x0000000800000000)
  region size 2048K, 13 young (26624K), 3 survivors (6144K)
 Metaspace       used 35512K, committed 35968K, reserved 1114112K
  class space    used 4886K, committed 5120K, reserved 1048576K
}
Event: 26.912 GC heap after
{Heap after GC invocations=10 (full 0):
 garbage-first heap   total 96256K, used 33083K [0x0000000700000000, 0x0000000800000000)
  region size 2048K, 2 young (4096K), 2 survivors (4096K)
 Metaspace       used 35512K, committed 35968K, reserved 1114112K
  class space    used 4886K, committed 5120K, reserved 1048576K
}
Event: 31.632 GC heap before
{Heap before GC invocations=11 (full 0):
 garbage-first heap   total 96256K, used 71995K [0x0000000700000000, 0x0000000800000000)
  region size 2048K, 21 young (43008K), 2 survivors (4096K)
 Metaspace       used 37003K, committed 37568K, reserved 1114112K
  class space    used 5126K, committed 5376K, reserved 1048576K
}
Event: 31.644 GC heap after
{Heap after GC invocations=12 (full 0):
 garbage-first heap   total 96256K, used 34740K [0x0000000700000000, 0x0000000800000000)
  region size 2048K, 3 young (6144K), 3 survivors (6144K)
 Metaspace       used 37003K, committed 37568K, reserved 1114112K
  class space    used 5126K, committed 5376K, reserved 1048576K
}
Event: 31.819 GC heap before
{Heap before GC invocations=12 (full 0):
 garbage-first heap   total 96256K, used 34740K [0x0000000700000000, 0x0000000800000000)
  region size 2048K, 4 young (8192K), 3 survivors (6144K)
 Metaspace       used 37184K, committed 37696K, reserved 1114112K
  class space    used 5134K, committed 5376K, reserved 1048576K
}
Event: 31.834 GC heap after
{Heap after GC invocations=13 (full 0):
 garbage-first heap   total 96256K, used 35060K [0x0000000700000000, 0x0000000800000000)
  region size 2048K, 1 young (2048K), 1 survivors (2048K)
 Metaspace       used 37184K, committed 37696K, reserved 1114112K
  class space    used 5134K, committed 5376K, reserved 1048576K
}
Event: 38.637 GC heap before
{Heap before GC invocations=13 (full 0):
 garbage-first heap   total 96256K, used 69876K [0x0000000700000000, 0x0000000800000000)
  region size 2048K, 19 young (38912K), 1 survivors (2048K)
 Metaspace       used 40828K, committed 41344K, reserved 1114112K
  class space    used 5650K, committed 5888K, reserved 1048576K
}
Event: 38.644 GC heap after
{Heap after GC invocations=14 (full 0):
 garbage-first heap   total 96256K, used 36495K [0x0000000700000000, 0x0000000800000000)
  region size 2048K, 2 young (4096K), 2 survivors (4096K)
 Metaspace       used 40828K, committed 41344K, reserved 1114112K
  class space    used 5650K, committed 5888K, reserved 1048576K
}

Deoptimization events (20 events):
Event: 42.323 Thread 0x0000014b7f1dabd0 DEOPT PACKING pc=0x0000014b6b61e8a0 sp=0x0000001b2c7f3a70
Event: 42.323 Thread 0x0000014b7f1dabd0 DEOPT UNPACKING pc=0x0000014b6aea23a3 sp=0x0000001b2c7f3a00 mode 2
Event: 47.745 Thread 0x0000014b7f1dabd0 DEOPT PACKING pc=0x0000014b63d32123 sp=0x0000001b2c7f4e30
Event: 47.745 Thread 0x0000014b7f1dabd0 DEOPT UNPACKING pc=0x0000014b6aea2b43 sp=0x0000001b2c7f42a0 mode 0
Event: 49.688 Thread 0x0000014b7f1dabd0 Uncommon trap: trap_request=0xffffffbe fr.pc=0x0000014b6b4928fc relative=0x00000000000002bc
Event: 49.688 Thread 0x0000014b7f1dabd0 Uncommon trap: reason=profile_predicate action=maybe_recompile pc=0x0000014b6b4928fc method=sun.instrument.TransformerManager.transform(Ljava/lang/Module;Ljava/lang/ClassLoader;Ljava/lang/String;Ljava/lang/Class;Ljava/security/ProtectionDomain;[B)[B @ 21 
Event: 49.688 Thread 0x0000014b7f1dabd0 DEOPT PACKING pc=0x0000014b6b4928fc sp=0x0000001b2c7f28d0
Event: 49.689 Thread 0x0000014b7f1dabd0 DEOPT UNPACKING pc=0x0000014b6aea23a3 sp=0x0000001b2c7f2850 mode 2
Event: 49.694 Thread 0x0000014b7f1dabd0 Uncommon trap: trap_request=0xffffffbe fr.pc=0x0000014b6b4928fc relative=0x00000000000002bc
Event: 49.694 Thread 0x0000014b7f1dabd0 Uncommon trap: reason=profile_predicate action=maybe_recompile pc=0x0000014b6b4928fc method=sun.instrument.TransformerManager.transform(Ljava/lang/Module;Ljava/lang/ClassLoader;Ljava/lang/String;Ljava/lang/Class;Ljava/security/ProtectionDomain;[B)[B @ 21 
Event: 49.695 Thread 0x0000014b7f1dabd0 DEOPT PACKING pc=0x0000014b6b4928fc sp=0x0000001b2c7eeee0
Event: 49.695 Thread 0x0000014b7f1dabd0 DEOPT UNPACKING pc=0x0000014b6aea23a3 sp=0x0000001b2c7eee60 mode 2
Event: 49.712 Thread 0x0000014b7f1dabd0 Uncommon trap: trap_request=0xffffffbe fr.pc=0x0000014b6b4928fc relative=0x00000000000002bc
Event: 49.712 Thread 0x0000014b7f1dabd0 Uncommon trap: reason=profile_predicate action=maybe_recompile pc=0x0000014b6b4928fc method=sun.instrument.TransformerManager.transform(Ljava/lang/Module;Ljava/lang/ClassLoader;Ljava/lang/String;Ljava/lang/Class;Ljava/security/ProtectionDomain;[B)[B @ 21 
Event: 49.712 Thread 0x0000014b7f1dabd0 DEOPT PACKING pc=0x0000014b6b4928fc sp=0x0000001b2c7eec60
Event: 49.712 Thread 0x0000014b7f1dabd0 DEOPT UNPACKING pc=0x0000014b6aea23a3 sp=0x0000001b2c7eebe0 mode 2
Event: 49.794 Thread 0x0000014b7f1dabd0 Uncommon trap: trap_request=0xffffffbe fr.pc=0x0000014b6b4928fc relative=0x00000000000002bc
Event: 49.794 Thread 0x0000014b7f1dabd0 Uncommon trap: reason=profile_predicate action=maybe_recompile pc=0x0000014b6b4928fc method=sun.instrument.TransformerManager.transform(Ljava/lang/Module;Ljava/lang/ClassLoader;Ljava/lang/String;Ljava/lang/Class;Ljava/security/ProtectionDomain;[B)[B @ 21 
Event: 49.795 Thread 0x0000014b7f1dabd0 DEOPT PACKING pc=0x0000014b6b4928fc sp=0x0000001b2c7f1ec0
Event: 49.795 Thread 0x0000014b7f1dabd0 DEOPT UNPACKING pc=0x0000014b6aea23a3 sp=0x0000001b2c7f1e40 mode 2

Classes unloaded (0 events):
No events

Classes redefined (0 events):
No events

Internal exceptions (20 events):
Event: 37.289 Thread 0x0000014b7f1dabd0 Exception <a 'java/lang/ClassNotFoundException'{0x0000000703ed19b0}: org/gradle/api/internal/DefaultDomainObjectSetCustomizer> (0x0000000703ed19b0) 
thrown [s\open\src\hotspot\share\classfile\systemDictionary.cpp, line 256]
Event: 37.292 Thread 0x0000014b7f1dabd0 Exception <a 'java/lang/ClassNotFoundException'{0x0000000703ef1058}: org/gradle/api/internal/plugins/DefaultPluginCollectionCustomizer> (0x0000000703ef1058) 
thrown [s\open\src\hotspot\share\classfile\systemDictionary.cpp, line 256]
Event: 37.303 Thread 0x0000014b7f1dabd0 Exception <a 'java/lang/ClassNotFoundException'{0x0000000703f2b688}: org/gradle/api/internal/plugins/DefaultPluginContainerCustomizer> (0x0000000703f2b688) 
thrown [s\open\src\hotspot\share\classfile\systemDictionary.cpp, line 256]
Event: 37.767 Thread 0x0000014b7f1dabd0 Exception <a 'java/lang/ClassNotFoundException'{0x0000000703c7b300}: org/gradle/configuration/internal/DefaultListenerBuildOperationDecorator$BuildOperationEmittingClosureBeanInfo> (0x0000000703c7b300) 
thrown [s\open\src\hotspot\share\classfile\systemDictionary.cpp, line 256]
Event: 37.768 Thread 0x0000014b7f1dabd0 Exception <a 'java/lang/ClassNotFoundException'{0x0000000703c8c260}: org/gradle/configuration/internal/DefaultListenerBuildOperationDecorator$BuildOperationEmittingClosureCustomizer> (0x0000000703c8c260) 
thrown [s\open\src\hotspot\share\classfile\systemDictionary.cpp, line 256]
Event: 37.789 Thread 0x0000014b7f1dabd0 Exception <a 'java/lang/ClassNotFoundException'{0x0000000703ccc500}: org/gradle/api/internal/plugins/DefaultObjectConfigurationActionBeanInfo> (0x0000000703ccc500) 
thrown [s\open\src\hotspot\share\classfile\systemDictionary.cpp, line 256]
Event: 37.790 Thread 0x0000014b7f1dabd0 Exception <a 'java/lang/ClassNotFoundException'{0x0000000703cdce68}: org/gradle/api/internal/plugins/DefaultObjectConfigurationActionCustomizer> (0x0000000703cdce68) 
thrown [s\open\src\hotspot\share\classfile\systemDictionary.cpp, line 256]
Event: 38.556 Thread 0x0000014b7f1dabd0 Exception <a 'java/lang/NoSuchMethodError'{0x0000000703948040}: 'long java.lang.invoke.DirectMethodHandle$Holder.invokeStatic(java.lang.Object, long)'> (0x0000000703948040) 
thrown [s\open\src\hotspot\share\interpreter\linkResolver.cpp, line 759]
Event: 39.119 Thread 0x0000014b7f1dabd0 Exception <a 'java/lang/NoSuchMethodError'{0x000000070596d140}: 'java.lang.Object java.lang.invoke.DirectMethodHandle$Holder.newInvokeSpecial(java.lang.Object, java.lang.Object, java.lang.Object, java.lang.Object, int)'> (0x000000070596d140) 
thrown [s\open\src\hotspot\share\interpreter\linkResolver.cpp, line 759]
Event: 39.120 Thread 0x0000014b7f1dabd0 Exception <a 'java/lang/NoSuchMethodError'{0x00000007059731b0}: 'java.lang.Object java.lang.invoke.DirectMethodHandle$Holder.invokeSpecial(java.lang.Object, java.lang.Object, java.lang.Object, java.lang.Object, java.lang.Object, int)'> (0x00000007059731b0) 
thrown [s\open\src\hotspot\share\interpreter\linkResolver.cpp, line 759]
Event: 39.123 Thread 0x0000014b7f1dabd0 Exception <a 'java/lang/NoSuchMethodError'{0x0000000705978bd0}: 'java.lang.Object java.lang.invoke.Invokers$Holder.linkToTargetMethod(java.lang.Object, java.lang.Object, java.lang.Object, int, java.lang.Object)'> (0x0000000705978bd0) 
thrown [s\open\src\hotspot\share\interpreter\linkResolver.cpp, line 759]
Event: 39.440 Thread 0x0000014b7f1dabd0 Exception <a 'java/lang/ClassNotFoundException'{0x000000070578a5c8}: java/lang/StringBeanInfo> (0x000000070578a5c8) 
thrown [s\open\src\hotspot\share\classfile\systemDictionary.cpp, line 256]
Event: 39.441 Thread 0x0000014b7f1dabd0 Exception <a 'java/lang/ClassNotFoundException'{0x0000000705797ed0}: java/lang/StringCustomizer> (0x0000000705797ed0) 
thrown [s\open\src\hotspot\share\classfile\systemDictionary.cpp, line 256]
Event: 39.455 Thread 0x0000014b7f1dabd0 Exception <a 'java/lang/ClassNotFoundException'{0x00000007057f6f70}: java/io/FileBeanInfo> (0x00000007057f6f70) 
thrown [s\open\src\hotspot\share\classfile\systemDictionary.cpp, line 256]
Event: 39.456 Thread 0x0000014b7f1dabd0 Exception <a 'java/lang/ClassNotFoundException'{0x0000000705404bf0}: java/io/FileCustomizer> (0x0000000705404bf0) 
thrown [s\open\src\hotspot\share\classfile\systemDictionary.cpp, line 256]
Event: 39.612 Thread 0x0000014b7f1dc010 Exception <a 'java/lang/NoSuchMethodError'{0x0000000705564398}: static Lorg/gradle/internal/build/event/types/DefaultProjectConfigurationDescriptor;.<clinit>()V> (0x0000000705564398) 
thrown [s\open\src\hotspot\share\prims\jni.cpp, line 1112]
Event: 41.885 Thread 0x0000014b7f1dabd0 Exception <a 'java/lang/NoSuchMethodError'{0x0000000704d61f88}: 'java.lang.Object java.lang.invoke.DelegatingMethodHandle$Holder.reinvoke_L(java.lang.Object, java.lang.Object, java.lang.Object, java.lang.Object, java.lang.Object, java.lang.Object, java.lang.Object, java.lang.Object, java.lang.Object, java.lang.Object, java.lang.Object, java.lang.Object, java.lang.Object, java.lang.Object, java.lang.Object, java.lang.Object, java.lang.Object, java.lang.Object, java.lang.Object, java.lang.Object, java.lang.O
Event: 41.888 Thread 0x0000014b7f1dabd0 Exception <a 'java/lang/NoSuchMethodError'{0x0000000704d82a28}: 'java.lang.Object java.lang.invoke.DirectMethodHandle$Holder.invokeSpecial(java.lang.Object, java.lang.Object, java.lang.Object, java.lang.Object, java.lang.Object, java.lang.Object, java.lang.Object, java.lang.Object, java.lang.Object, java.lang.Object, java.lang.Object, java.lang.Object, java.lang.Object, java.lang.Object, java.lang.Object, java.lang.Object, java.lang.Object, java.lang.Object, java.lang.Object, java.lang.Object, java.lang.Ob
Event: 41.889 Thread 0x0000014b7f1dabd0 Exception <a 'java/lang/NoSuchMethodError'{0x0000000704d88e68}: 'java.lang.Object java.lang.invoke.Invokers$Holder.invoker(java.lang.Object, java.lang.Object, java.lang.Object, java.lang.Object, java.lang.Object, java.lang.Object, java.lang.Object, java.lang.Object, java.lang.Object, java.lang.Object, java.lang.Object, java.lang.Object, java.lang.Object, java.lang.Object, java.lang.Object, java.lang.Object, java.lang.Object, java.lang.Object, java.lang.Object, java.lang.Object, java.lang.Object)'> (0x00000
Event: 41.892 Thread 0x0000014b7f1dabd0 Exception <a 'java/lang/NoSuchMethodError'{0x0000000704d90448}: 'java.lang.Object java.lang.invoke.DelegatingMethodHandle$Holder.delegate(java.lang.Object, java.lang.Object, java.lang.Object, java.lang.Object, java.lang.Object, java.lang.Object, java.lang.Object, java.lang.Object, java.lang.Object, java.lang.Object, java.lang.Object, java.lang.Object, java.lang.Object, java.lang.Object, java.lang.Object, java.lang.Object, java.lang.Object, java.lang.Object, java.lang.Object, java.lang.Object, java.lang.Obj

VM Operations (20 events):
Event: 39.651 Executing VM operation: Cleanup
Event: 39.666 Executing VM operation: Cleanup done
Event: 40.667 Executing VM operation: Cleanup
Event: 40.682 Executing VM operation: Cleanup done
Event: 41.684 Executing VM operation: Cleanup
Event: 41.684 Executing VM operation: Cleanup done
Event: 42.684 Executing VM operation: Cleanup
Event: 42.700 Executing VM operation: Cleanup done
Event: 43.702 Executing VM operation: Cleanup
Event: 43.810 Executing VM operation: Cleanup done
Event: 44.815 Executing VM operation: Cleanup
Event: 44.833 Executing VM operation: Cleanup done
Event: 45.838 Executing VM operation: Cleanup
Event: 46.001 Executing VM operation: Cleanup done
Event: 47.003 Executing VM operation: Cleanup
Event: 47.003 Executing VM operation: Cleanup done
Event: 48.011 Executing VM operation: Cleanup
Event: 48.031 Executing VM operation: Cleanup done
Event: 49.045 Executing VM operation: Cleanup
Event: 49.077 Executing VM operation: Cleanup done

Events (20 events):
Event: 40.796 loading class javax/net/ssl/SSLException done
Event: 40.796 loading class javax/net/ssl/SSLPeerUnverifiedException
Event: 40.797 loading class javax/net/ssl/SSLPeerUnverifiedException done
Event: 40.797 loading class java/security/cert/CertificateParsingException
Event: 40.797 loading class java/security/cert/CertificateException
Event: 40.797 loading class java/security/cert/CertificateException done
Event: 40.798 loading class java/security/cert/CertificateParsingException done
Event: 40.798 loading class javax/naming/NamingException
Event: 40.798 loading class javax/naming/NamingException done
Event: 40.798 loading class javax/naming/InvalidNameException
Event: 40.808 loading class javax/naming/InvalidNameException done
Event: 41.761 loading class java/util/zip/GZIPOutputStream
Event: 41.762 loading class java/util/zip/GZIPOutputStream done
Event: 41.762 loading class java/util/zip/GZIPInputStream
Event: 41.762 loading class java/util/zip/GZIPInputStream done
Event: 41.815 Thread 0x0000014b45cf7d80 Thread added: 0x0000014b45cf7d80
Event: 49.412 loading class java/io/DeleteOnExitHook
Event: 49.413 loading class java/io/DeleteOnExitHook done
Event: 49.413 loading class java/io/DeleteOnExitHook$1
Event: 49.413 loading class java/io/DeleteOnExitHook$1 done


Dynamic libraries:
0x00007ff7c8ff0000 - 0x00007ff7c9000000 	C:\Program Files\Java\jdk-17\bin\java.exe
0x00007ff8a5e00000 - 0x00007ff8a6063000 	C:\WINDOWS\SYSTEM32\ntdll.dll
0x00007ff8a4870000 - 0x00007ff8a4937000 	C:\WINDOWS\System32\KERNEL32.DLL
0x00007ff8a3590000 - 0x00007ff8a3957000 	C:\WINDOWS\System32\KERNELBASE.dll
0x00007ff8a0240000 - 0x00007ff8a02dc000 	C:\WINDOWS\SYSTEM32\apphelp.dll
0x00007ff8a3ac0000 - 0x00007ff8a3c0c000 	C:\WINDOWS\System32\ucrtbase.dll
0x00007ff893ce0000 - 0x00007ff893cf9000 	C:\Program Files\Java\jdk-17\bin\jli.dll
0x00007ff8a5020000 - 0x00007ff8a50d4000 	C:\WINDOWS\System32\ADVAPI32.dll
0x00007ff8a4070000 - 0x00007ff8a4119000 	C:\WINDOWS\System32\msvcrt.dll
0x00007ff8a4950000 - 0x00007ff8a49f6000 	C:\WINDOWS\System32\sechost.dll
0x00007ff8a4e10000 - 0x00007ff8a4f26000 	C:\WINDOWS\System32\RPCRT4.dll
0x00007ff8a3c50000 - 0x00007ff8a3e19000 	C:\WINDOWS\System32\USER32.dll
0x00007ff8a3c10000 - 0x00007ff8a3c37000 	C:\WINDOWS\System32\win32u.dll
0x00007ff8a51b0000 - 0x00007ff8a51da000 	C:\WINDOWS\System32\GDI32.dll
0x00007ff8a32e0000 - 0x00007ff8a340b000 	C:\WINDOWS\System32\gdi32full.dll
0x00007ff8a31a0000 - 0x00007ff8a3243000 	C:\WINDOWS\System32\msvcp_win.dll
0x00007ff890a20000 - 0x00007ff890cb0000 	C:\WINDOWS\WinSxS\amd64_microsoft.windows.common-controls_6595b64144ccf1df_6.0.26100.3037_none_3e09262ce333c378\COMCTL32.dll
0x00007ff893b60000 - 0x00007ff893b7b000 	C:\Program Files\Java\jdk-17\bin\VCRUNTIME140.dll
0x00007ff8913b0000 - 0x00007ff8913bb000 	C:\WINDOWS\SYSTEM32\VERSION.dll
0x00007ff8a5d80000 - 0x00007ff8a5daf000 	C:\WINDOWS\System32\IMM32.DLL
0x00007ff890130000 - 0x00007ff89013c000 	C:\Program Files\Java\jdk-17\bin\vcruntime140_1.dll
0x00007ff82d060000 - 0x00007ff82d0ee000 	C:\Program Files\Java\jdk-17\bin\msvcp140.dll
0x00007ff81b4a0000 - 0x00007ff81c080000 	C:\Program Files\Java\jdk-17\bin\server\jvm.dll
0x00007ff8a3f20000 - 0x00007ff8a3f28000 	C:\WINDOWS\System32\PSAPI.DLL
0x00007ff8843d0000 - 0x00007ff8843da000 	C:\WINDOWS\SYSTEM32\WSOCK32.dll
0x00007ff8a4d90000 - 0x00007ff8a4e04000 	C:\WINDOWS\System32\WS2_32.dll
0x00007ff88be60000 - 0x00007ff88be96000 	C:\WINDOWS\SYSTEM32\WINMM.dll
0x00007ff8a20a0000 - 0x00007ff8a20ba000 	C:\WINDOWS\SYSTEM32\kernel.appcore.dll
0x00007ff88dd80000 - 0x00007ff88dd8a000 	C:\Program Files\Java\jdk-17\bin\jimage.dll
0x00007ff863ff0000 - 0x00007ff864231000 	C:\WINDOWS\SYSTEM32\DBGHELP.DLL
0x00007ff8a4a00000 - 0x00007ff8a4d7e000 	C:\WINDOWS\System32\combase.dll
0x00007ff8a4550000 - 0x00007ff8a4626000 	C:\WINDOWS\System32\OLEAUT32.dll
0x00007ff876d90000 - 0x00007ff876dc9000 	C:\WINDOWS\SYSTEM32\dbgcore.DLL
0x00007ff8a3960000 - 0x00007ff8a39f9000 	C:\WINDOWS\System32\bcryptPrimitives.dll
0x00007ff87d070000 - 0x00007ff87d07e000 	C:\Program Files\Java\jdk-17\bin\instrument.dll
0x00007ff87ba00000 - 0x00007ff87ba25000 	C:\Program Files\Java\jdk-17\bin\java.dll
0x00007ff82cf80000 - 0x00007ff82d057000 	C:\Program Files\Java\jdk-17\bin\jsvml.dll
0x00007ff8a5670000 - 0x00007ff8a5d74000 	C:\WINDOWS\System32\SHELL32.dll
0x00007ff8a0ea0000 - 0x00007ff8a16d7000 	C:\WINDOWS\SYSTEM32\windows.storage.dll
0x00007ff8a4f30000 - 0x00007ff8a5019000 	C:\WINDOWS\System32\SHCORE.dll
0x00007ff8a46b0000 - 0x00007ff8a470d000 	C:\WINDOWS\System32\shlwapi.dll
0x00007ff8a30b0000 - 0x00007ff8a30de000 	C:\WINDOWS\SYSTEM32\profapi.dll
0x00007ff864330000 - 0x00007ff864348000 	C:\Program Files\Java\jdk-17\bin\zip.dll
0x00007ff85c420000 - 0x00007ff85c439000 	C:\Program Files\Java\jdk-17\bin\net.dll
0x00007ff89d8e0000 - 0x00007ff89d9fe000 	C:\WINDOWS\SYSTEM32\WINHTTP.dll
0x00007ff8a2590000 - 0x00007ff8a25fa000 	C:\WINDOWS\system32\mswsock.dll
0x00007ff85ad30000 - 0x00007ff85ad46000 	C:\Program Files\Java\jdk-17\bin\nio.dll
0x00007ff89d8c0000 - 0x00007ff89d8d0000 	C:\Program Files\Java\jdk-17\bin\verify.dll
0x00007ff893e60000 - 0x00007ff893e87000 	C:\Users\Hp\.gradle\native\68d5fa5c4cc2d200863cafc0d521ce42e7d3e7ee720ec0a83991735586a16f82\windows-amd64\native-platform.dll
0x00007ff82d0f0000 - 0x00007ff82d234000 	C:\Users\Hp\.gradle\native\e376f236ea51e6404a007f0833ffe2c6e607c4080706a723a18a27aeea778392\windows-amd64\native-platform-file-events.dll
0x00007ff87a880000 - 0x00007ff87a88a000 	C:\Program Files\Java\jdk-17\bin\management.dll
0x00007ff877710000 - 0x00007ff87771b000 	C:\Program Files\Java\jdk-17\bin\management_ext.dll
0x00007ff8a2940000 - 0x00007ff8a295c000 	C:\WINDOWS\SYSTEM32\CRYPTSP.dll
0x00007ff8a2000000 - 0x00007ff8a2038000 	C:\WINDOWS\system32\rsaenh.dll
0x00007ff8a2630000 - 0x00007ff8a265b000 	C:\WINDOWS\SYSTEM32\USERENV.dll
0x00007ff8a2ad0000 - 0x00007ff8a2af6000 	C:\WINDOWS\SYSTEM32\bcrypt.dll
0x00007ff8a27c0000 - 0x00007ff8a27cc000 	C:\WINDOWS\SYSTEM32\CRYPTBASE.dll
0x00007ff8a1a40000 - 0x00007ff8a1a72000 	C:\WINDOWS\SYSTEM32\IPHLPAPI.DLL
0x00007ff8a3c40000 - 0x00007ff8a3c4a000 	C:\WINDOWS\System32\NSI.dll
0x00007ff8950d0000 - 0x00007ff8950ef000 	C:\WINDOWS\SYSTEM32\dhcpcsvc6.DLL
0x00007ff894f80000 - 0x00007ff894fa5000 	C:\WINDOWS\SYSTEM32\dhcpcsvc.DLL
0x00007ff8a1b30000 - 0x00007ff8a1c55000 	C:\WINDOWS\SYSTEM32\DNSAPI.dll
0x00007ff876270000 - 0x00007ff87627e000 	C:\Program Files\Java\jdk-17\bin\sunmscapi.dll
0x00007ff8a3410000 - 0x00007ff8a3586000 	C:\WINDOWS\System32\CRYPT32.dll
0x00007ff8a2a90000 - 0x00007ff8a2ac0000 	C:\WINDOWS\SYSTEM32\ncrypt.dll
0x00007ff8a2a40000 - 0x00007ff8a2a7f000 	C:\WINDOWS\SYSTEM32\NTASN1.dll
0x00007ff890530000 - 0x00007ff890538000 	C:\WINDOWS\system32\wshunix.dll

dbghelp: loaded successfully - version: 4.0.5 - missing functions: none
symbol engine: initialized successfully - sym options: 0x614 - pdb path: .;C:\Program Files\Java\jdk-17\bin;C:\WINDOWS\SYSTEM32;C:\WINDOWS\WinSxS\amd64_microsoft.windows.common-controls_6595b64144ccf1df_6.0.26100.3037_none_3e09262ce333c378;C:\Program Files\Java\jdk-17\bin\server;C:\Users\Hp\.gradle\native\68d5fa5c4cc2d200863cafc0d521ce42e7d3e7ee720ec0a83991735586a16f82\windows-amd64;C:\Users\Hp\.gradle\native\e376f236ea51e6404a007f0833ffe2c6e607c4080706a723a18a27aeea778392\windows-amd64

VM Arguments:
jvm_args: -XX:MaxMetaspaceSize=2G -XX:+HeapDumpOnOutOfMemoryError --add-opens=java.base/java.util=ALL-UNNAMED --add-opens=java.base/java.lang=ALL-UNNAMED --add-opens=java.base/java.lang.invoke=ALL-UNNAMED --add-opens=java.prefs/java.util.prefs=ALL-UNNAMED --add-opens=java.base/java.nio.charset=ALL-UNNAMED --add-opens=java.base/java.net=ALL-UNNAMED --add-opens=java.base/java.util.concurrent.atomic=ALL-UNNAMED -Xmx4G -Dfile.encoding=utf8 -Duser.country=US -Duser.language=en -Duser.variant -javaagent:C:\Users\Hp\.gradle\wrapper\dists\gradle-8.3-all\6en3ugtfdg5xnpx44z4qbwgas\gradle-8.3\lib\agents\gradle-instrumentation-agent-8.3.jar 
java_command: org.gradle.launcher.daemon.bootstrap.GradleDaemon 8.3
java_class_path (initial): C:\Users\Hp\.gradle\wrapper\dists\gradle-8.3-all\6en3ugtfdg5xnpx44z4qbwgas\gradle-8.3\lib\gradle-launcher-8.3.jar
Launcher Type: SUN_STANDARD

[Global flags]
     intx CICompilerCount                          = 3                                         {product} {ergonomic}
     uint ConcGCThreads                            = 1                                         {product} {ergonomic}
     uint G1ConcRefinementThreads                  = 4                                         {product} {ergonomic}
   size_t G1HeapRegionSize                         = 2097152                                   {product} {ergonomic}
    uintx GCDrainStackTargetSize                   = 64                                        {product} {ergonomic}
     bool HeapDumpOnOutOfMemoryError               = true                                   {manageable} {command line}
   size_t InitialHeapSize                          = 132120576                                 {product} {ergonomic}
   size_t MarkStackSize                            = 4194304                                   {product} {ergonomic}
   size_t MaxHeapSize                              = 4294967296                                {product} {command line}
   size_t MaxMetaspaceSize                         = 2147483648                                {product} {command line}
   size_t MaxNewSize                               = 2575302656                                {product} {ergonomic}
   size_t MinHeapDeltaBytes                        = 2097152                                   {product} {ergonomic}
   size_t MinHeapSize                              = 8388608                                   {product} {ergonomic}
    uintx NonNMethodCodeHeapSize                   = 5832780                                {pd product} {ergonomic}
    uintx NonProfiledCodeHeapSize                  = 122912730                              {pd product} {ergonomic}
    uintx ProfiledCodeHeapSize                     = 122912730                              {pd product} {ergonomic}
    uintx ReservedCodeCacheSize                    = 251658240                              {pd product} {ergonomic}
     bool SegmentedCodeCache                       = true                                      {product} {ergonomic}
   size_t SoftMaxHeapSize                          = 4294967296                             {manageable} {ergonomic}
     bool UseCompressedClassPointers               = true                           {product lp64_product} {ergonomic}
     bool UseCompressedOops                        = true                           {product lp64_product} {ergonomic}
     bool UseG1GC                                  = true                                      {product} {ergonomic}
     bool UseLargePagesIndividualAllocation        = false                                  {pd product} {ergonomic}

Logging:
Log output configuration:
 #0: stdout all=warning uptime,level,tags
 #1: stderr all=off uptime,level,tags

Environment Variables:
JAVA_HOME=C:\Program Files\Java\jdk-17
PATH=C:\Program Files\Common Files\Oracle\Java\javapath;C:\WINDOWS\system32;C:\WINDOWS;C:\WINDOWS\System32\Wbem;C:\WINDOWS\System32\WindowsPowerShell\v1.0\;C:\WINDOWS\System32\OpenSSH\;C:\Program Files\Docker\Docker\resources\bin;C:\Users\Hp\AppData\Local\Programs\Python\Python312\Scripts\;C:\Users\Hp\AppData\Local\Programs\Python\Python312\;C:\Users\Hp\AppData\Local\Programs\Python\Launcher\;C:\Users\Hp\AppData\Local\pnpm;C:\Users\Hp\AppData\Local\Microsoft\WindowsApps;C:\Users\Hp\AppData\Local\Programs\Microsoft VS Code\bin;C:\Users\Hp\AppData\Roaming\npm;C:\adb;%JAVA_HOME%\bin;C:\Program Files\Java\jdk-17;C:\Program Files\Git\cmd;C:\Program Files\nodejs\;C:\src\flutter\bin;C:\src\flutter\bin;C:\Users\Hp\AppData\Local\Android\Sdk\platform-tools;C:\Users\Hp\AppData\Local\Android\Sdk\tools;C:\Program Files\Java\jdk-17;C:\Users\Hp\AppData\Local\Programs\Python\Python312\Scripts\;C:\Users\Hp\AppData\Local\Programs\Python\Python312\;C:\Users\Hp\AppData\Local\Programs\Python\Launcher\;C:\Users\Hp\AppData\Local\pnpm;C:\Users\Hp\AppData\Local\Microsoft\WindowsApps;C:\Users\Hp\AppData\Local\Programs\Microsoft VS Code\bin;C:\Program Files\Java\jdk-17\bin;C:\Users\Hp\AppData\Roaming\npm;
USERNAME=Hp
OS=Windows_NT
PROCESSOR_IDENTIFIER=Intel64 Family 6 Model 78 Stepping 3, GenuineIntel



---------------  S Y S T E M  ---------------

OS:
 Windows 11 , 64 bit Build 26100 (10.0.26100.3037)
OS uptime: 0 days 13:51 hours
Hyper-V role detected

CPU: total 4 (initial active 4) (2 cores per cpu, 2 threads per core) family 6 model 78 stepping 3 microcode 0xd6, cx8, cmov, fxsr, ht, mmx, 3dnowpref, sse, sse2, sse3, ssse3, sse4.1, sse4.2, popcnt, lzcnt, tsc, tscinvbit, avx, avx2, aes, erms, clmul, bmi1, bmi2, rtm, adx, fma, vzeroupper, clflush, clflushopt, hv

Memory: 4k page, system-wide physical 8024M (702M free)
TotalPageFile size 23006M (AvailPageFile size 2M)
current process WorkingSet (physical memory assigned to process): 206M, peak: 258M
current process commit charge ("private bytes"): 261M, peak: 288M

vm_info: Java HotSpot(TM) 64-Bit Server VM (17.0.12+8-LTS-286) for windows-amd64 JRE (17.0.12+8-LTS-286), built on Jun  5 2024 06:46:59 by "mach5one" with MS VC++ 17.6 (VS2022)

END.
